Base Code/Photo Collage/app/build/intermediates/manifest_merge_blame_file/debug/manifest-merger-blame-debug-report.txt
1<?xml version="1.0" encoding="utf-8"?>
2<manifest xmlns:android="http://schemas.android.com/apk/res/android"
3    package="collagestudio.photocollage.collagemaker"
4    android:versionCode="13"
5    android:versionName="1.1.3" >
6
7    <uses-sdk
8        android:minSdkVersion="16"
8-->src\main\AndroidManifest.xml
9        android:targetSdkVersion="30" />
9-->src\main\AndroidManifest.xml
10
11    <supports-screens
11-->src\main\AndroidManifest.xml:6:5-11:40
12        android:anyDensity="true"
12-->src\main\AndroidManifest.xml:7:9-34
13        android:largeScreens="true"
13-->src\main\AndroidManifest.xml:8:9-36
14        android:normalScreens="true"
14-->src\main\AndroidManifest.xml:9:9-37
15        android:smallScreens="true"
15-->src\main\AndroidManifest.xml:10:9-36
16        android:xlargeScreens="true" />
16-->src\main\AndroidManifest.xml:11:9-37
17
18    <uses-permission android:name="android.permission.INTERNET" />
18-->src\main\AndroidManifest.xml:13:5-67
18-->src\main\AndroidManifest.xml:13:22-64
19    <uses-permission android:name="android.permission.WRITE_EXTERNAL_STORAGE" />
19-->src\main\AndroidManifest.xml:14:5-81
19-->src\main\AndroidManifest.xml:14:22-78
20    <uses-permission android:name="android.permission.READ_EXTERNAL_STORAGE" />
20-->src\main\AndroidManifest.xml:15:5-80
20-->src\main\AndroidManifest.xml:15:22-77
21    <uses-permission android:name="android.permission.CAMERA" />
21-->src\main\AndroidManifest.xml:16:5-65
21-->src\main\AndroidManifest.xml:16:22-62
22    <uses-permission android:name="android.permission.WAKE_LOCK" />
22-->src\main\AndroidManifest.xml:17:5-68
22-->src\main\AndroidManifest.xml:17:22-65
23
24    <uses-feature android:name="android.hardware.camera" />
24-->src\main\AndroidManifest.xml:18:5-60
24-->src\main\AndroidManifest.xml:18:19-57
25
26    <uses-permission android:name="android.permission.VIBRATE" />
26-->src\main\AndroidManifest.xml:19:5-66
26-->src\main\AndroidManifest.xml:19:22-63
27    <!-- <uses-permission android:name="android.permission.MANAGE_EXTERNAL_STORAGE" /> -->
28    <uses-permission android:name="android.permission.RECEIVE_BOOT_COMPLETED" />
28-->src\main\AndroidManifest.xml:21:5-83
28-->src\main\AndroidManifest.xml:21:22-80
29
30    <uses-feature android:name="android.hardware.camera.autofocus" />
30-->src\main\AndroidManifest.xml:22:5-70
30-->src\main\AndroidManifest.xml:22:19-67
31
32    <uses-permission android:name="android.permission.ACCESS_MEDIA_LOCATION" />
32-->src\main\AndroidManifest.xml:23:5-79
32-->src\main\AndroidManifest.xml:23:22-77
33    <uses-permission android:name="android.permission.ACCESS_NETWORK_STATE" /> <!-- Android package visibility setting -->
33-->[:photoEditor] AndroidManifest.xml:10:5-79
33-->[:photoEditor] AndroidManifest.xml:10:22-76
34    <queries>
34-->[com.google.android.gms:play-services-ads-lite:19.7.0] AndroidManifest.xml:27:5-43:15
35
36        <!-- For browser content -->
37        <intent>
37-->[com.google.android.gms:play-services-ads-lite:19.7.0] AndroidManifest.xml:30:9-36:18
38            <action android:name="android.intent.action.VIEW" />
38-->[com.facebook.android:facebook-common:5.15.3] AndroidManifest.xml:40:17-69
38-->[com.facebook.android:facebook-common:5.15.3] AndroidManifest.xml:40:25-66
39
40            <category android:name="android.intent.category.BROWSABLE" />
40-->[com.facebook.android:facebook-common:5.15.3] AndroidManifest.xml:43:17-78
40-->[com.facebook.android:facebook-common:5.15.3] AndroidManifest.xml:43:27-75
41
42            <data android:scheme="https" />
42-->src\main\AndroidManifest.xml:85:17-50
42-->src\main\AndroidManifest.xml:85:23-47
43        </intent>
44        <!-- End of browser content -->
45        <!-- For CustomTabsService -->
46        <intent>
46-->[com.google.android.gms:play-services-ads-lite:19.7.0] AndroidManifest.xml:39:9-41:18
47            <action android:name="android.support.customtabs.action.CustomTabsService" />
47-->[com.google.android.gms:play-services-ads-lite:19.7.0] AndroidManifest.xml:40:13-90
47-->[com.google.android.gms:play-services-ads-lite:19.7.0] AndroidManifest.xml:40:21-87
48        </intent>
49        <!-- End of CustomTabsService -->
50    </queries>
51
52    <uses-permission android:name="com.google.android.finsky.permission.BIND_GET_INSTALL_REFERRER_SERVICE" /> <!-- Required by older versions of Google Play services to create IID tokens -->
52-->[com.google.android.gms:play-services-measurement:19.0.0] AndroidManifest.xml:26:5-110
52-->[com.google.android.gms:play-services-measurement:19.0.0] AndroidManifest.xml:26:22-107
53    <uses-permission android:name="com.google.android.c2dm.permission.RECEIVE" />
53-->[com.google.firebase:firebase-iid:17.0.3] AndroidManifest.xml:26:5-82
53-->[com.google.firebase:firebase-iid:17.0.3] AndroidManifest.xml:26:22-79
54
55    <application
55-->src\main\AndroidManifest.xml:25:5-150:19
56        android:name="collagestudio.photocollage.collagemaker.activity.PhotoCollageApp"
56-->src\main\AndroidManifest.xml:26:9-88
57        android:allowBackup="true"
57-->src\main\AndroidManifest.xml:27:9-35
58        android:appComponentFactory="androidx.core.app.CoreComponentFactory"
58-->[androidx.core:core:1.3.1] AndroidManifest.xml:24:18-86
59        android:debuggable="true"
60        android:hardwareAccelerated="true"
60-->src\main\AndroidManifest.xml:28:9-43
61        android:icon="@mipmap/ic_launcher"
61-->src\main\AndroidManifest.xml:30:9-43
62        android:label="@string/app_name"
62-->src\main\AndroidManifest.xml:31:9-41
63        android:largeHeap="true"
63-->src\main\AndroidManifest.xml:29:9-33
64        android:preserveLegacyExternalStorage="true"
64-->src\main\AndroidManifest.xml:34:9-53
65        android:requestLegacyExternalStorage="true"
65-->src\main\AndroidManifest.xml:33:9-52
66        android:screenOrientation="portrait"
66-->src\main\AndroidManifest.xml:35:9-45
67        android:supportsRtl="true"
67-->[com.facebook.android:facebook-login:5.15.3] AndroidManifest.xml:28:18-44
68        android:testOnly="true"
69        android:theme="@style/Theme.MyAppTheme" >
69-->src\main\AndroidManifest.xml:32:9-48
70        <receiver android:name="collagestudio.photocollage.collagemaker.notifications.AlarmReceiver" >
70-->src\main\AndroidManifest.xml:38:9-45:20
70-->src\main\AndroidManifest.xml:38:19-62
71            <intent-filter>
71-->src\main\AndroidManifest.xml:39:13-44:29
72                <action android:name="android.media.action.DISPLAY_NOTIFICATION" />
72-->src\main\AndroidManifest.xml:40:17-84
72-->src\main\AndroidManifest.xml:40:25-81
73                <action android:name="android.intent.action.BOOT_COMPLETED" />
73-->src\main\AndroidManifest.xml:41:17-78
73-->src\main\AndroidManifest.xml:41:25-76
74                <action android:name="alarm.running" />
74-->src\main\AndroidManifest.xml:42:17-55
74-->src\main\AndroidManifest.xml:42:25-53
75
76                <category android:name="android.intent.category.DEFAULT" />
76-->src\main\AndroidManifest.xml:43:17-76
76-->src\main\AndroidManifest.xml:43:27-73
77            </intent-filter>
78        </receiver>
79        <!-- Will not be called unless the application explicitly enables it -->
80        <receiver
80-->src\main\AndroidManifest.xml:47:9-52:20
81            android:name="collagestudio.photocollage.collagemaker.notifications.DeviceBootReceiver"
81-->src\main\AndroidManifest.xml:47:19-67
82            android:enabled="false" >
82-->src\main\AndroidManifest.xml:48:13-36
83            <intent-filter>
83-->src\main\AndroidManifest.xml:49:13-51:29
84                <action android:name="android.intent.action.BOOT_COMPLETED" />
84-->src\main\AndroidManifest.xml:41:17-78
84-->src\main\AndroidManifest.xml:41:25-76
85            </intent-filter>
86        </receiver>
87
88        <activity
88-->src\main\AndroidManifest.xml:53:9-54:61
89            android:name="collagestudio.photocollage.collagemaker.activity.SingleEditor"
89-->src\main\AndroidManifest.xml:53:19-95
90            android:screenOrientation="portrait" />
90-->src\main\AndroidManifest.xml:54:13-49
91        <activity
91-->src\main\AndroidManifest.xml:55:9-58:20
92            android:name="collagestudio.photocollage.collagemaker.IntroScreens"
92-->src\main\AndroidManifest.xml:55:19-86
93            android:screenOrientation="portrait" >
93-->src\main\AndroidManifest.xml:56:13-49
94        </activity>
95        <activity
95-->src\main\AndroidManifest.xml:59:9-60:51
96            android:name="collagestudio.photocollage.collagemaker.activity.Login"
96-->src\main\AndroidManifest.xml:59:19-88
97            android:screenOrientation="portrait" />
97-->src\main\AndroidManifest.xml:60:13-49
98
99        <meta-data
99-->src\main\AndroidManifest.xml:62:9-64:35
100            android:name="android.max_aspect"
100-->src\main\AndroidManifest.xml:63:13-46
101            android:value="2.1" />
101-->src\main\AndroidManifest.xml:64:13-32
102
103        <!--
104        <service android:name="collagestudio.photocollage.collagemaker.service.MyFirebaseMessagingService">
105            <intent-filter>
106                <action android:name="com.google.firebase.MESSAGING_EVENT" />
107            </intent-filter>
108        </service>
109        <service android:name=".service.MyFirebaseInstanceIDService">
110            <intent-filter>
111                <action android:name="com.google.firebase.INSTANCE_ID_EVENT" />
112            </intent-filter>
113        </service>
114        -->
115
116        <receiver
116-->src\main\AndroidManifest.xml:77:9-87:20
117            android:name="collagestudio.photocollage.collagemaker.receiver.PackageInstallReceiver"
117-->src\main\AndroidManifest.xml:78:13-99
118            android:enabled="true"
118-->src\main\AndroidManifest.xml:79:13-35
119            android:priority="0" >
119-->src\main\AndroidManifest.xml:80:13-33
120            <intent-filter>
120-->src\main\AndroidManifest.xml:81:13-86:29
121                <action android:name="android.intent.action.PACKAGE_ADDED" />
121-->src\main\AndroidManifest.xml:82:17-78
121-->src\main\AndroidManifest.xml:82:25-75
122                <action android:name="android.intent.action.PACKAGE_REMOVED" />
122-->src\main\AndroidManifest.xml:83:17-80
122-->src\main\AndroidManifest.xml:83:25-77
123
124                <data android:scheme="package" />
124-->src\main\AndroidManifest.xml:85:17-50
124-->src\main\AndroidManifest.xml:85:23-47
125            </intent-filter>
126        </receiver>
127
128        <activity
128-->src\main\AndroidManifest.xml:89:9-94:52
129            android:name="collagestudio.photocollage.collagemaker.activity.MainActivity"
129-->src\main\AndroidManifest.xml:90:13-89
130            android:configChanges="orientation|keyboardHidden|screenSize"
130-->src\main\AndroidManifest.xml:91:13-74
131            android:label="@string/app_name"
131-->src\main\AndroidManifest.xml:92:13-45
132            android:screenOrientation="portrait"
132-->src\main\AndroidManifest.xml:93:13-49
133            android:theme="@style/AppTheme.Base" />
133-->src\main\AndroidManifest.xml:94:13-49
134        <activity
134-->src\main\AndroidManifest.xml:95:9-100:52
135            android:name="collagestudio.photocollage.collagemaker.activity.PhotoCollageActivity"
135-->src\main\AndroidManifest.xml:96:13-97
136            android:configChanges="orientation|keyboardHidden|screenSize"
136-->src\main\AndroidManifest.xml:97:13-74
137            android:hardwareAccelerated="true"
137-->src\main\AndroidManifest.xml:98:13-47
138            android:largeHeap="true"
138-->src\main\AndroidManifest.xml:99:13-37
139            android:screenOrientation="portrait" />
139-->src\main\AndroidManifest.xml:100:13-49
140        <activity
140-->src\main\AndroidManifest.xml:101:9-104:52
141            android:name="collagestudio.photocollage.collagemaker.activity.AddTextItemActivity"
141-->src\main\AndroidManifest.xml:102:13-96
142            android:label="@string/create_text_item"
142-->src\main\AndroidManifest.xml:103:13-53
143            android:screenOrientation="portrait" />
143-->src\main\AndroidManifest.xml:104:13-49
144        <activity
144-->src\main\AndroidManifest.xml:105:9-108:52
145            android:name="collagestudio.photocollage.collagemaker.activity.DownloadedPackageActivity"
145-->src\main\AndroidManifest.xml:106:13-102
146            android:configChanges="orientation|keyboardHidden|screenSize"
146-->src\main\AndroidManifest.xml:107:13-74
147            android:screenOrientation="portrait" />
147-->src\main\AndroidManifest.xml:108:13-49
148        <activity
148-->src\main\AndroidManifest.xml:109:9-113:52
149            android:name="collagestudio.photocollage.collagemaker.activity.TemplateDetailActivity"
149-->src\main\AndroidManifest.xml:110:13-99
150            android:configChanges="orientation|keyboardHidden|screenSize"
150-->src\main\AndroidManifest.xml:111:13-74
151            android:largeHeap="true"
151-->src\main\AndroidManifest.xml:112:13-37
152            android:screenOrientation="portrait" />
152-->src\main\AndroidManifest.xml:113:13-49
153        <activity
153-->src\main\AndroidManifest.xml:114:9-118:52
154            android:name="collagestudio.photocollage.collagemaker.activity.TemplateActivity"
154-->src\main\AndroidManifest.xml:115:13-93
155            android:configChanges="orientation|keyboardHidden|screenSize"
155-->src\main\AndroidManifest.xml:116:13-74
156            android:largeHeap="true"
156-->src\main\AndroidManifest.xml:117:13-37
157            android:screenOrientation="portrait" />
157-->src\main\AndroidManifest.xml:118:13-49
158        <activity
158-->src\main\AndroidManifest.xml:119:9-123:52
159            android:name="collagestudio.photocollage.collagemaker.activity.FrameDetailActivity"
159-->src\main\AndroidManifest.xml:120:13-96
160            android:configChanges="orientation|keyboardHidden|screenSize"
160-->src\main\AndroidManifest.xml:121:13-74
161            android:largeHeap="true"
161-->src\main\AndroidManifest.xml:122:13-37
162            android:screenOrientation="portrait" />
162-->src\main\AndroidManifest.xml:123:13-49
163        <activity
163-->src\main\AndroidManifest.xml:124:9-128:52
164            android:name="collagestudio.photocollage.collagemaker.activity.SelectPhotoActivity"
164-->src\main\AndroidManifest.xml:125:13-96
165            android:configChanges="orientation|keyboardHidden|screenSize"
165-->src\main\AndroidManifest.xml:126:13-74
166            android:largeHeap="true"
166-->src\main\AndroidManifest.xml:127:13-37
167            android:screenOrientation="portrait" />
167-->src\main\AndroidManifest.xml:128:13-49
168        <activity
168-->src\main\AndroidManifest.xml:129:9-132:20
169            android:name="collagestudio.photocollage.collagemaker.activity.StepActivity"
169-->src\main\AndroidManifest.xml:129:19-95
170            android:screenOrientation="portrait" >
170-->src\main\AndroidManifest.xml:130:13-49
171        </activity>
172        <activity
172-->src\main\AndroidManifest.xml:133:9-137:20
173            android:name="collagestudio.photocollage.collagemaker.cross_promotion.MoreAppsActivity"
173-->src\main\AndroidManifest.xml:133:19-106
174            android:screenOrientation="portrait"
174-->src\main\AndroidManifest.xml:135:13-49
175            android:theme="@style/full_screen_activity" >
175-->src\main\AndroidManifest.xml:134:13-56
176        </activity>
177        <activity
177-->src\main\AndroidManifest.xml:138:9-145:20
178            android:name="collagestudio.photocollage.collagemaker.activity.SplashActivity"
178-->src\main\AndroidManifest.xml:138:19-97
179            android:screenOrientation="portrait" >
179-->src\main\AndroidManifest.xml:139:13-49
180            <intent-filter>
180-->src\main\AndroidManifest.xml:140:13-144:29
181                <action android:name="android.intent.action.MAIN" />
181-->src\main\AndroidManifest.xml:141:17-69
181-->src\main\AndroidManifest.xml:141:25-66
182
183                <category android:name="android.intent.category.LAUNCHER" />
183-->src\main\AndroidManifest.xml:143:17-77
183-->src\main\AndroidManifest.xml:143:27-74
184            </intent-filter>
185        </activity>
186
187        <meta-data
187-->src\main\AndroidManifest.xml:147:9-149:52
188            android:name="com.google.android.gms.ads.APPLICATION_ID"
188-->src\main\AndroidManifest.xml:148:13-69
189            android:value="@string/ADMOB_APP_ID" />
189-->src\main\AndroidManifest.xml:149:13-49
190
191        <activity
191-->[:photoEditor] AndroidManifest.xml:17:9-22:20
192            android:name="dauroi.photoeditor.ui.activity.StoreActivity"
192-->[:photoEditor] AndroidManifest.xml:18:13-72
193            android:configChanges="orientation|keyboardHidden|screenSize"
193-->[:photoEditor] AndroidManifest.xml:19:13-74
194            android:label="@string/photo_editor_store_items"
194-->[:photoEditor] AndroidManifest.xml:20:13-61
195            android:screenOrientation="portrait" >
195-->[:photoEditor] AndroidManifest.xml:21:13-49
196        </activity>
197        <activity
197-->[:photoEditor] AndroidManifest.xml:23:9-28:20
198            android:name="dauroi.photoeditor.ui.activity.CameraActivity"
198-->[:photoEditor] AndroidManifest.xml:24:13-73
199            android:configChanges="orientation|keyboardHidden|screenSize"
199-->[:photoEditor] AndroidManifest.xml:25:13-74
200            android:label="@string/photo_editor_camera"
200-->[:photoEditor] AndroidManifest.xml:26:13-56
201            android:screenOrientation="landscape" >
201-->[:photoEditor] AndroidManifest.xml:27:13-50
202        </activity>
203        <activity
203-->[:photoEditor] AndroidManifest.xml:29:9-34:20
204            android:name="dauroi.photoeditor.ui.activity.StoreItemDetailActivity"
204-->[:photoEditor] AndroidManifest.xml:30:13-82
205            android:configChanges="orientation|keyboardHidden|screenSize"
205-->[:photoEditor] AndroidManifest.xml:31:13-74
206            android:label="@string/photo_editor_store_items"
206-->[:photoEditor] AndroidManifest.xml:32:13-61
207            android:screenOrientation="portrait" >
207-->[:photoEditor] AndroidManifest.xml:33:13-49
208        </activity>
209        <activity
209-->[:photoEditor] AndroidManifest.xml:35:9-41:20
210            android:name="dauroi.photoeditor.ui.activity.ImageProcessingActivity"
210-->[:photoEditor] AndroidManifest.xml:36:13-82
211            android:configChanges="orientation|keyboardHidden|screenSize"
211-->[:photoEditor] AndroidManifest.xml:37:13-74
212            android:label="@string/photo_editor_app_name"
212-->[:photoEditor] AndroidManifest.xml:38:13-58
213            android:largeHeap="true"
213-->[:photoEditor] AndroidManifest.xml:39:13-37
214            android:screenOrientation="portrait" >
214-->[:photoEditor] AndroidManifest.xml:40:13-49
215        </activity>
216        <activity
216-->[:photoEditor] AndroidManifest.xml:42:9-47:20
217            android:name="dauroi.photoeditor.ui.activity.ViewImageActivity"
217-->[:photoEditor] AndroidManifest.xml:43:13-76
218            android:configChanges="orientation|keyboardHidden|screenSize"
218-->[:photoEditor] AndroidManifest.xml:44:13-74
219            android:label="@string/photo_editor_app_name"
219-->[:photoEditor] AndroidManifest.xml:45:13-58
220            android:screenOrientation="portrait" >
220-->[:photoEditor] AndroidManifest.xml:46:13-49
221        </activity>
222
223        <receiver android:name="dauroi.photoeditor.receiver.NetworkStateReceiver" >
223-->[:photoEditor] AndroidManifest.xml:49:9-53:20
223-->[:photoEditor] AndroidManifest.xml:49:19-82
224            <intent-filter>
224-->[:photoEditor] AndroidManifest.xml:50:13-52:29
225                <action android:name="android.net.conn.CONNECTIVITY_CHANGE" />
225-->[:photoEditor] AndroidManifest.xml:51:17-79
225-->[:photoEditor] AndroidManifest.xml:51:25-76
226            </intent-filter>
227        </receiver>
228
229        <activity
229-->[com.facebook.android:facebook-common:5.15.3] AndroidManifest.xml:30:9-33:66
230            android:name="com.facebook.FacebookActivity"
230-->[com.facebook.android:facebook-common:5.15.3] AndroidManifest.xml:31:13-57
231            android:configChanges="keyboard|keyboardHidden|screenLayout|screenSize|orientation"
231-->[com.facebook.android:facebook-common:5.15.3] AndroidManifest.xml:32:13-96
232            android:theme="@style/com_facebook_activity_theme" />
232-->[com.facebook.android:facebook-common:5.15.3] AndroidManifest.xml:33:13-63
233        <activity android:name="com.facebook.CustomTabMainActivity" />
233-->[com.facebook.android:facebook-common:5.15.3] AndroidManifest.xml:34:9-71
233-->[com.facebook.android:facebook-common:5.15.3] AndroidManifest.xml:34:19-68
234        <activity
234-->[com.facebook.android:facebook-common:5.15.3] AndroidManifest.xml:35:9-49:20
235            android:name="com.facebook.CustomTabActivity"
235-->[com.facebook.android:facebook-common:5.15.3] AndroidManifest.xml:36:13-58
236            android:exported="true" >
236-->[com.facebook.android:facebook-common:5.15.3] AndroidManifest.xml:37:13-36
237            <intent-filter>
237-->[com.facebook.android:facebook-common:5.15.3] AndroidManifest.xml:39:13-48:29
238                <action android:name="android.intent.action.VIEW" />
238-->[com.facebook.android:facebook-common:5.15.3] AndroidManifest.xml:40:17-69
238-->[com.facebook.android:facebook-common:5.15.3] AndroidManifest.xml:40:25-66
239
240                <category android:name="android.intent.category.DEFAULT" />
240-->src\main\AndroidManifest.xml:43:17-76
240-->src\main\AndroidManifest.xml:43:27-73
241                <category android:name="android.intent.category.BROWSABLE" />
241-->[com.facebook.android:facebook-common:5.15.3] AndroidManifest.xml:43:17-78
241-->[com.facebook.android:facebook-common:5.15.3] AndroidManifest.xml:43:27-75
242
243                <data
243-->src\main\AndroidManifest.xml:85:17-50
244                    android:host="cct.collagestudio.photocollage.collagemaker"
245                    android:scheme="fbconnect" />
245-->src\main\AndroidManifest.xml:85:23-47
246            </intent-filter>
247        </activity>
248
249        <provider
249-->[com.squareup.picasso:picasso:2.71828] AndroidManifest.xml:8:9-11:40
250            android:name="com.squareup.picasso.PicassoProvider"
250-->[com.squareup.picasso:picasso:2.71828] AndroidManifest.xml:9:13-64
251            android:authorities="collagestudio.photocollage.collagemaker.com.squareup.picasso"
251-->[com.squareup.picasso:picasso:2.71828] AndroidManifest.xml:10:13-72
252            android:exported="false" />
252-->[com.squareup.picasso:picasso:2.71828] AndroidManifest.xml:11:13-37
253
254        <activity
254-->[com.nabinbhandari.android:permissions:3.8] AndroidManifest.xml:12:9-14:67
255            android:name="com.nabinbhandari.android.permissions.PermissionsActivity"
255-->[com.nabinbhandari.android:permissions:3.8] AndroidManifest.xml:13:13-85
256            android:theme="@style/Permissions.TransparentTheme" />
256-->[com.nabinbhandari.android:permissions:3.8] AndroidManifest.xml:14:13-64
257
258        <service
258-->[com.google.firebase:firebase-crashlytics:18.0.1] AndroidManifest.xml:15:9-21:19
259            android:name="com.google.firebase.components.ComponentDiscoveryService"
259-->[com.google.firebase:firebase-crashlytics:18.0.1] AndroidManifest.xml:16:13-84
260            android:directBootAware="true"
260-->[com.google.firebase:firebase-common:20.0.0] AndroidManifest.xml:35:13-43
261            android:exported="false" >
261-->[com.google.firebase:firebase-crashlytics:18.0.1] AndroidManifest.xml:17:13-37
262            <meta-data
262-->[com.google.firebase:firebase-crashlytics:18.0.1] AndroidManifest.xml:18:13-20:85
263                android:name="com.google.firebase.components:com.google.firebase.crashlytics.CrashlyticsRegistrar"
263-->[com.google.firebase:firebase-crashlytics:18.0.1] AndroidManifest.xml:19:17-115
264                android:value="com.google.firebase.components.ComponentRegistrar" />
264-->[com.google.firebase:firebase-crashlytics:18.0.1] AndroidManifest.xml:20:17-82
265            <meta-data
265-->[com.google.firebase:firebase-crash:16.2.1] AndroidManifest.xml:26:13-28:85
266                android:name="com.google.firebase.components:com.google.firebase.crash.component.FirebaseCrashRegistrar"
266-->[com.google.firebase:firebase-crash:16.2.1] AndroidManifest.xml:27:17-121
267                android:value="com.google.firebase.components.ComponentRegistrar" />
267-->[com.google.firebase:firebase-crash:16.2.1] AndroidManifest.xml:28:17-82
268            <meta-data
268-->[com.google.firebase:firebase-iid:17.0.3] AndroidManifest.xml:32:13-34:85
269                android:name="com.google.firebase.components:com.google.firebase.iid.Registrar"
269-->[com.google.firebase:firebase-iid:17.0.3] AndroidManifest.xml:33:17-96
270                android:value="com.google.firebase.components.ComponentRegistrar" />
270-->[com.google.firebase:firebase-iid:17.0.3] AndroidManifest.xml:34:17-82
271            <meta-data
271-->[com.google.android.gms:play-services-measurement-api:19.0.0] AndroidManifest.xml:30:13-32:85
272                android:name="com.google.firebase.components:com.google.firebase.analytics.connector.internal.AnalyticsConnectorRegistrar"
272-->[com.google.android.gms:play-services-measurement-api:19.0.0] AndroidManifest.xml:31:17-139
273                android:value="com.google.firebase.components.ComponentRegistrar" />
273-->[com.google.android.gms:play-services-measurement-api:19.0.0] AndroidManifest.xml:32:17-82
274            <meta-data
274-->[com.google.firebase:firebase-installations:17.0.0] AndroidManifest.xml:18:13-20:85
275                android:name="com.google.firebase.components:com.google.firebase.installations.FirebaseInstallationsRegistrar"
275-->[com.google.firebase:firebase-installations:17.0.0] AndroidManifest.xml:19:17-127
276                android:value="com.google.firebase.components.ComponentRegistrar" />
276-->[com.google.firebase:firebase-installations:17.0.0] AndroidManifest.xml:20:17-82
277        </service>
278
279        <provider
279-->[androidx.lifecycle:lifecycle-process:2.2.0] AndroidManifest.xml:25:9-29:43
280            android:name="androidx.lifecycle.ProcessLifecycleOwnerInitializer"
280-->[androidx.lifecycle:lifecycle-process:2.2.0] AndroidManifest.xml:26:13-79
281            android:authorities="collagestudio.photocollage.collagemaker.lifecycle-process"
281-->[androidx.lifecycle:lifecycle-process:2.2.0] AndroidManifest.xml:27:13-69
282            android:exported="false"
282-->[androidx.lifecycle:lifecycle-process:2.2.0] AndroidManifest.xml:28:13-37
283            android:multiprocess="true" /> <!-- Include the AdActivity and InAppPurchaseActivity configChanges and themes. -->
283-->[androidx.lifecycle:lifecycle-process:2.2.0] AndroidManifest.xml:29:13-40
284        <activity
284-->[com.google.android.gms:play-services-ads-lite:19.7.0] AndroidManifest.xml:48:9-52:64
285            android:name="com.google.android.gms.ads.AdActivity"
285-->[com.google.android.gms:play-services-ads-lite:19.7.0] AndroidManifest.xml:49:13-65
286            android:configChanges="keyboard|keyboardHidden|orientation|screenLayout|uiMode|screenSize|smallestScreenSize"
286-->[com.google.android.gms:play-services-ads-lite:19.7.0] AndroidManifest.xml:50:13-122
287            android:exported="false"
287-->[com.google.android.gms:play-services-ads-lite:19.7.0] AndroidManifest.xml:51:13-37
288            android:theme="@android:style/Theme.Translucent" />
288-->[com.google.android.gms:play-services-ads-lite:19.7.0] AndroidManifest.xml:52:13-61
289
290        <provider
290-->[com.google.android.gms:play-services-ads-lite:19.7.0] AndroidManifest.xml:54:9-58:39
291            android:name="com.google.android.gms.ads.MobileAdsInitProvider"
291-->[com.google.android.gms:play-services-ads-lite:19.7.0] AndroidManifest.xml:55:13-76
292            android:authorities="collagestudio.photocollage.collagemaker.mobileadsinitprovider"
292-->[com.google.android.gms:play-services-ads-lite:19.7.0] AndroidManifest.xml:56:13-73
293            android:exported="false"
293-->[com.google.android.gms:play-services-ads-lite:19.7.0] AndroidManifest.xml:57:13-37
294            android:initOrder="100" />
294-->[com.google.android.gms:play-services-ads-lite:19.7.0] AndroidManifest.xml:58:13-36
295
296        <service
296-->[com.google.android.gms:play-services-ads-lite:19.7.0] AndroidManifest.xml:60:9-63:40
297            android:name="com.google.android.gms.ads.AdService"
297-->[com.google.android.gms:play-services-ads-lite:19.7.0] AndroidManifest.xml:61:13-64
298            android:enabled="true"
298-->[com.google.android.gms:play-services-ads-lite:19.7.0] AndroidManifest.xml:62:13-35
299            android:exported="false" />
299-->[com.google.android.gms:play-services-ads-lite:19.7.0] AndroidManifest.xml:63:13-37
300
301        <provider
301-->[androidx.work:work-runtime:2.1.0] AndroidManifest.xml:30:9-36:35
302            android:name="androidx.work.impl.WorkManagerInitializer"
302-->[androidx.work:work-runtime:2.1.0] AndroidManifest.xml:31:13-69
303            android:authorities="collagestudio.photocollage.collagemaker.workmanager-init"
303-->[androidx.work:work-runtime:2.1.0] AndroidManifest.xml:32:13-68
304            android:directBootAware="false"
304-->[androidx.work:work-runtime:2.1.0] AndroidManifest.xml:33:13-44
305            android:exported="false"
305-->[androidx.work:work-runtime:2.1.0] AndroidManifest.xml:34:13-37
306            android:multiprocess="true" />
306-->[androidx.work:work-runtime:2.1.0] AndroidManifest.xml:35:13-40
307
308        <service
308-->[androidx.work:work-runtime:2.1.0] AndroidManifest.xml:38:9-43:35
309            android:name="androidx.work.impl.background.systemalarm.SystemAlarmService"
309-->[androidx.work:work-runtime:2.1.0] AndroidManifest.xml:39:13-88